                                                                                                            Iteration:   0: Element classes =    3 (+3);      Node classes =    7 (+7)
Iteration:   1: Element classes =   13 (+10);                                                  Node classes =   16 (+9)
Circuits match with 20 automorphisms.
Iteration:   2: Element classes =   31 (+18);                                                  Node classes =   23 (+7)
Circuits match with 6 automorphisms.
Iteration:   3: Element classes =   36 (+5);                                                  Node classes =   24 (+1)
Circuits match uniquely.
Property errors were found.
Iteration:   4: Element classes =   36 (+0);                                                  Node classes =   24 (+0)
Iteration:   5: Element classes =   36 (+0);                                                  Node classes =   24 (+0)
Graphs match uniquely.
There were property errors.
c20 vs. c21:
 value c19 vs. c22:
 value nfet156 vs. nfet169:
 width circuit1: 0   circuit2: 3e-06   (delta=inf%, cutoff= 1%)
 length circuit1: 0   circuit2: 9e-07   (delta=inf%, cutoff= 1%)
nfet157 vs. nfet170:
 width circuit1: 0   circuit2: 3e-06   (delta=inf%, cutoff= 1%)
 length circuit1: 0   circuit2: 9e-07   (delta=inf%, cutoff= 1%)
nfet154 vs. nfet171:
 width circuit1: 0   circuit2: 3e-06   (delta=inf%, cutoff= 1%)
 length circuit1: 0   circuit2: 9e-07   (delta=inf%, cutoff= 1%)
nfet153 vs. nfet168:
 width circuit1: 0   circuit2: 3e-06   (delta=inf%, cutoff= 1%)
 length circuit1: 0   circuit2: 9e-07   (delta=inf%, cutoff= 1%)
nfet159 vs. nfet174:
 width circuit1: 0   circuit2: 3e-06   (delta=inf%, cutoff= 1%)
 length circuit1: 0   circuit2: 9e-07   (delta=inf%, cutoff= 1%)
nfet162 vs. nfet178:
 width circuit1: 0   circuit2: 3e-06   (delta=inf%, cutoff= 1%)
 length circuit1: 0   circuit2: 9e-07   (delta=inf%, cutoff= 1%)
nfet160 vs. nfet176:
 width circuit1: 0   circuit2: 3e-06   (delta=inf%, cutoff= 1%)
 length circuit1: 0   circuit2: 9e-07   (delta=inf%, cutoff= 1%)
nfet165 vs. nfet179:
 width circuit1: 0   circuit2: 3e-06   (delta=inf%, cutoff= 1%)
 length circuit1: 0   circuit2: 9e-07   (delta=inf%, cutoff= 1%)
nfet161 vs. nfet175:
 width circuit1: 0   circuit2: 3e-06   (delta=inf%, cutoff= 1%)
 length circuit1: 0   circuit2: 9e-07   (delta=inf%, cutoff= 1%)
nfet163 vs. nfet177:
 width circuit1: 0   circuit2: 3e-06   (delta=inf%, cutoff= 1%)
 length circuit1: 0   circuit2: 9e-07   (delta=inf%, cutoff= 1%)
nfet158 vs. nfet172:
 width circuit1: 0   circuit2: 3e-06   (delta=inf%, cutoff= 1%)
 length circuit1: 0   circuit2: 9e-07   (delta=inf%, cutoff= 1%)
nfet164 vs. nfet180:
 width circuit1: 0   circuit2: 3e-06   (delta=inf%, cutoff= 1%)
 length circuit1: 0   circuit2: 9e-07   (delta=inf%, cutoff= 1%)
nfet155 vs. nfet173:
 width circuit1: 0   circuit2: 3e-06   (delta=inf%, cutoff= 1%)
 length circuit1: 0   circuit2: 9e-07   (delta=inf%, cutoff= 1%)
nfet166 vs. nfet181:
 width circuit1: 0   circuit2: 7.2e-06   (delta=inf%, cutoff= 1%)
 length circuit1: 0   circuit2: 6e-07   (delta=inf%, cutoff= 1%)
nfet167 vs. nfet182:
 width circuit1: 0   circuit2: 7.2e-06   (delta=inf%, cutoff= 1%)
 length circuit1: 0   circuit2: 6e-07   (delta=inf%, cutoff= 1%)
pfet195 vs. pfet213:
 width circuit1: 0   circuit2: 6e-06   (delta=inf%, cutoff= 1%)
 length circuit1: 0   circuit2: 9e-07   (delta=inf%, cutoff= 1%)
pfet193 vs. pfet211:
 width circuit1: 0   circuit2: 6e-06   (delta=inf%, cutoff= 1%)
 length circuit1: 0   circuit2: 9e-07   (delta=inf%, cutoff= 1%)
pfet191 vs. pfet210:
 width circuit1: 0   circuit2: 6e-06   (delta=inf%, cutoff= 1%)
 length circuit1: 0   circuit2: 9e-07   (delta=inf%, cutoff= 1%)
pfet187 vs. pfet207:
 width circuit1: 0   circuit2: 6e-06   (delta=inf%, cutoff= 1%)
 length circuit1: 0   circuit2: 9e-07   (delta=inf%, cutoff= 1%)
pfet185 vs. pfet204:
 width circuit1: 0   circuit2: 6e-06   (delta=inf%, cutoff= 1%)
 length circuit1: 0   circuit2: 9e-07   (delta=inf%, cutoff= 1%)
pfet194 vs. pfet214:
 width circuit1: 0   circuit2: 6e-06   (delta=inf%, cutoff= 1%)
 length circuit1: 0   circuit2: 9e-07   (delta=inf%, cutoff= 1%)
pfet192 vs. pfet212:
 width circuit1: 0   circuit2: 6e-06   (delta=inf%, cutoff= 1%)
 length circuit1: 0   circuit2: 9e-07   (delta=inf%, cutoff= 1%)
pfet188 vs. pfet206:
 width circuit1: 0   circuit2: 6e-06   (delta=inf%, cutoff= 1%)
 length circuit1: 0   circuit2: 9e-07   (delta=inf%, cutoff= 1%)
pfet186 vs. pfet205:
 width circuit1: 0   circuit2: 6e-06   (delta=inf%, cutoff= 1%)
 length circuit1: 0   circuit2: 9e-07   (delta=inf%, cutoff= 1%)
pfet197 vs. pfet215:
 width circuit1: 0   circuit2: 6e-06   (delta=inf%, cutoff= 1%)
 length circuit1: 0   circuit2: 9e-07   (delta=inf%, cutoff= 1%)
pfet196 vs. pfet216:
 width circuit1: 0   circuit2: 6e-06   (delta=inf%, cutoff= 1%)
 length circuit1: 0   circuit2: 9e-07   (delta=inf%, cutoff= 1%)
pfet190 vs. pfet209:
 width circuit1: 0   circuit2: 6e-06   (delta=inf%, cutoff= 1%)
 length circuit1: 0   circuit2: 9e-07   (delta=inf%, cutoff= 1%)
pfet189 vs. pfet208:
 width circuit1: 0   circuit2: 6e-06   (delta=inf%, cutoff= 1%)
 length circuit1: 0   circuit2: 9e-07   (delta=inf%, cutoff= 1%)
pfet202 vs. pfet221:
 width circuit1: 0   circuit2: 1.8e-06   (delta=inf%, cutoff= 1%)
 length circuit1: 0   circuit2: 6e-07   (delta=inf%, cutoff= 1%)
pfet201 vs. pfet220:
 width circuit1: 0   circuit2: 1.8e-06   (delta=inf%, cutoff= 1%)
 length circuit1: 0   circuit2: 6e-07   (delta=inf%, cutoff= 1%)
pfet199 vs. pfet218:
 width circuit1: 0   circuit2: 1.8e-06   (delta=inf%, cutoff= 1%)
 length circuit1: 0   circuit2: 6e-07   (delta=inf%, cutoff= 1%)
pfet198 vs. pfet217:
 width circuit1: 0   circuit2: 1.8e-06   (delta=inf%, cutoff= 1%)
 length circuit1: 0   circuit2: 6e-07   (delta=inf%, cutoff= 1%)
pfet200 vs. pfet219:
 width circuit1: 0   circuit2: 1.8e-06   (delta=inf%, cutoff= 1%)
 length circuit1: 0   circuit2: 6e-07   (delta=inf%, cutoff= 1%)
pfet203 vs. pfet222:
 width circuit1: 0   circuit2: 1.8e-06   (delta=inf%, cutoff= 1%)
 length circuit1: 0   circuit2: 6e-07   (delta=inf%, cutoff= 1%)
Iteration:   6: Element classes =   36 (+0);                                                  Node classes =   24 (+0)
Iteration:   7: Element classes =   36 (+0);                                                  Node classes =   24 (+0)
Graphs match uniquely.
There were property errors.
c20 vs. c21:
 value c19 vs. c22:
 value nfet156 vs. nfet169:
 width circuit1: 0   circuit2: 3e-06   (delta=inf%, cutoff= 1%)
 length circuit1: 0   circuit2: 9e-07   (delta=inf%, cutoff= 1%)
nfet157 vs. nfet170:
 width circuit1: 0   circuit2: 3e-06   (delta=inf%, cutoff= 1%)
 length circuit1: 0   circuit2: 9e-07   (delta=inf%, cutoff= 1%)
nfet154 vs. nfet171:
 width circuit1: 0   circuit2: 3e-06   (delta=inf%, cutoff= 1%)
 length circuit1: 0   circuit2: 9e-07   (delta=inf%, cutoff= 1%)
nfet153 vs. nfet168:
 width circuit1: 0   circuit2: 3e-06   (delta=inf%, cutoff= 1%)
 length circuit1: 0   circuit2: 9e-07   (delta=inf%, cutoff= 1%)
nfet159 vs. nfet174:
 width circuit1: 0   circuit2: 3e-06   (delta=inf%, cutoff= 1%)
 length circuit1: 0   circuit2: 9e-07   (delta=inf%, cutoff= 1%)
nfet162 vs. nfet178:
 width circuit1: 0   circuit2: 3e-06   (delta=inf%, cutoff= 1%)
 length circuit1: 0   circuit2: 9e-07   (delta=inf%, cutoff= 1%)
nfet160 vs. nfet176:
 width circuit1: 0   circuit2: 3e-06   (delta=inf%, cutoff= 1%)
 length circuit1: 0   circuit2: 9e-07   (delta=inf%, cutoff= 1%)
nfet165 vs. nfet179:
 width circuit1: 0   circuit2: 3e-06   (delta=inf%, cutoff= 1%)
 length circuit1: 0   circuit2: 9e-07   (delta=inf%, cutoff= 1%)
nfet161 vs. nfet175:
 width circuit1: 0   circuit2: 3e-06   (delta=inf%, cutoff= 1%)
 length circuit1: 0   circuit2: 9e-07   (delta=inf%, cutoff= 1%)
nfet163 vs. nfet177:
 width circuit1: 0   circuit2: 3e-06   (delta=inf%, cutoff= 1%)
 length circuit1: 0   circuit2: 9e-07   (delta=inf%, cutoff= 1%)
nfet158 vs. nfet172:
 width circuit1: 0   circuit2: 3e-06   (delta=inf%, cutoff= 1%)
 length circuit1: 0   circuit2: 9e-07   (delta=inf%, cutoff= 1%)
nfet164 vs. nfet180:
 width circuit1: 0   circuit2: 3e-06   (delta=inf%, cutoff= 1%)
 length circuit1: 0   circuit2: 9e-07   (delta=inf%, cutoff= 1%)
nfet155 vs. nfet173:
 width circuit1: 0   circuit2: 3e-06   (delta=inf%, cutoff= 1%)
 length circuit1: 0   circuit2: 9e-07   (delta=inf%, cutoff= 1%)
nfet166 vs. nfet181:
 width circuit1: 0   circuit2: 7.2e-06   (delta=inf%, cutoff= 1%)
 length circuit1: 0   circuit2: 6e-07   (delta=inf%, cutoff= 1%)
nfet167 vs. nfet182:
 width circuit1: 0   circuit2: 7.2e-06   (delta=inf%, cutoff= 1%)
 length circuit1: 0   circuit2: 6e-07   (delta=inf%, cutoff= 1%)
pfet195 vs. pfet213:
 width circuit1: 0   circuit2: 6e-06   (delta=inf%, cutoff= 1%)
 length circuit1: 0   circuit2: 9e-07   (delta=inf%, cutoff= 1%)
pfet193 vs. pfet211:
 width circuit1: 0   circuit2: 6e-06   (delta=inf%, cutoff= 1%)
 length circuit1: 0   circuit2: 9e-07   (delta=inf%, cutoff= 1%)
pfet191 vs. pfet210:
 width circuit1: 0   circuit2: 6e-06   (delta=inf%, cutoff= 1%)
 length circuit1: 0   circuit2: 9e-07   (delta=inf%, cutoff= 1%)
pfet187 vs. pfet207:
 width circuit1: 0   circuit2: 6e-06   (delta=inf%, cutoff= 1%)
 length circuit1: 0   circuit2: 9e-07   (delta=inf%, cutoff= 1%)
pfet185 vs. pfet204:
 width circuit1: 0   circuit2: 6e-06   (delta=inf%, cutoff= 1%)
 length circuit1: 0   circuit2: 9e-07   (delta=inf%, cutoff= 1%)
pfet194 vs. pfet214:
 width circuit1: 0   circuit2: 6e-06   (delta=inf%, cutoff= 1%)
 length circuit1: 0   circuit2: 9e-07   (delta=inf%, cutoff= 1%)
pfet192 vs. pfet212:
 width circuit1: 0   circuit2: 6e-06   (delta=inf%, cutoff= 1%)
 length circuit1: 0   circuit2: 9e-07   (delta=inf%, cutoff= 1%)
pfet188 vs. pfet206:
 width circuit1: 0   circuit2: 6e-06   (delta=inf%, cutoff= 1%)
 length circuit1: 0   circuit2: 9e-07   (delta=inf%, cutoff= 1%)
pfet186 vs. pfet205:
 width circuit1: 0   circuit2: 6e-06   (delta=inf%, cutoff= 1%)
 length circuit1: 0   circuit2: 9e-07   (delta=inf%, cutoff= 1%)
pfet197 vs. pfet215:
 width circuit1: 0   circuit2: 6e-06   (delta=inf%, cutoff= 1%)
 length circuit1: 0   circuit2: 9e-07   (delta=inf%, cutoff= 1%)
pfet196 vs. pfet216:
 width circuit1: 0   circuit2: 6e-06   (delta=inf%, cutoff= 1%)
 length circuit1: 0   circuit2: 9e-07   (delta=inf%, cutoff= 1%)
pfet190 vs. pfet209:
 width circuit1: 0   circuit2: 6e-06   (delta=inf%, cutoff= 1%)
 length circuit1: 0   circuit2: 9e-07   (delta=inf%, cutoff= 1%)
pfet189 vs. pfet208:
 width circuit1: 0   circuit2: 6e-06   (delta=inf%, cutoff= 1%)
 length circuit1: 0   circuit2: 9e-07   (delta=inf%, cutoff= 1%)
pfet202 vs. pfet221:
 width circuit1: 0   circuit2: 1.8e-06   (delta=inf%, cutoff= 1%)
 length circuit1: 0   circuit2: 6e-07   (delta=inf%, cutoff= 1%)
pfet201 vs. pfet220:
 width circuit1: 0   circuit2: 1.8e-06   (delta=inf%, cutoff= 1%)
 length circuit1: 0   circuit2: 6e-07   (delta=inf%, cutoff= 1%)
pfet199 vs. pfet218:
 width circuit1: 0   circuit2: 1.8e-06   (delta=inf%, cutoff= 1%)
 length circuit1: 0   circuit2: 6e-07   (delta=inf%, cutoff= 1%)
pfet198 vs. pfet217:
 width circuit1: 0   circuit2: 1.8e-06   (delta=inf%, cutoff= 1%)
 length circuit1: 0   circuit2: 6e-07   (delta=inf%, cutoff= 1%)
pfet200 vs. pfet219:
 width circuit1: 0   circuit2: 1.8e-06   (delta=inf%, cutoff= 1%)
 length circuit1: 0   circuit2: 6e-07   (delta=inf%, cutoff= 1%)
pfet203 vs. pfet222:
 width circuit1: 0   circuit2: 1.8e-06   (delta=inf%, cutoff= 1%)
 length circuit1: 0   circuit2: 6e-07   (delta=inf%, cutoff= 1%)
